<?xml version="1.0" encoding="UTF-8"?>
<testng-results skipped="0" failed="0" ignored="0" total="19" passed="19">
  <reporter-output>
  </reporter-output>
  <suite name="TrelloRegressionSuite" duration-ms="59675" started-at="2022-02-03T07:00:37 IST" finished-at="2022-02-03T07:01:37 IST">
    <groups>
    </groups>
    <test name="Regression" duration-ms="59675" started-at="2022-02-03T07:00:37 IST" finished-at="2022-02-03T07:01:37 IST">
      <class name="com.Trello.tests.TestFlow5">
        <test-method status="PASS" signature="preStep()[pri:0, instance:com.Trello.tests.TestFlow5@e50a6f6]" name="preStep" is-config="true" duration-ms="0" started-at="2022-02-03T07:01:30 IST" finished-at="2022-02-03T07:01:30 IST">
          <reporter-output>
          </reporter-output>
        </test-method> <!-- preStep -->
        <test-method status="PASS" signature="initTestFlow()[pri:0, instance:com.Trello.tests.TestFlow5@e50a6f6]" name="initTestFlow" is-config="true" duration-ms="5" started-at="2022-02-03T07:01:30 IST" finished-at="2022-02-03T07:01:30 IST">
          <reporter-output>
          </reporter-output>
        </test-method> <!-- initTestFlow -->
        <test-method status="PASS" signature="testFlow5(java.lang.String)[pri:0, instance:com.Trello.tests.TestFlow5@e50a6f6]" name="testFlow5" duration-ms="736" started-at="2022-02-03T07:01:30 IST" data-provider="getTestCase" finished-at="2022-02-03T07:01:31 IST">
          <params>
            <param index="0">
              <value>
                <![CDATA[CreateOrganization]]>
              </value>
            </param>
          </params>
          <reporter-output>
          </reporter-output>
        </test-method> <!-- testFlow5 -->
        <test-method status="PASS" signature="initTestFlow()[pri:0, instance:com.Trello.tests.TestFlow5@e50a6f6]" name="initTestFlow" is-config="true" duration-ms="0" started-at="2022-02-03T07:01:31 IST" finished-at="2022-02-03T07:01:31 IST">
          <reporter-output>
          </reporter-output>
        </test-method> <!-- initTestFlow -->
        <test-method status="PASS" signature="testFlow5(java.lang.String)[pri:0, instance:com.Trello.tests.TestFlow5@e50a6f6]" name="testFlow5" duration-ms="1529" started-at="2022-02-03T07:01:31 IST" data-provider="getTestCase" finished-at="2022-02-03T07:01:32 IST">
          <params>
            <param index="0">
              <value>
                <![CDATA[UpdateOrganization]]>
              </value>
            </param>
          </params>
          <reporter-output>
          </reporter-output>
        </test-method> <!-- testFlow5 -->
        <test-method status="PASS" signature="finishTestFlow()[pri:0, instance:com.Trello.tests.TestFlow5@e50a6f6]" name="finishTestFlow" is-config="true" duration-ms="0" started-at="2022-02-03T07:01:31 IST" finished-at="2022-02-03T07:01:31 IST">
          <reporter-output>
          </reporter-output>
        </test-method> <!-- finishTestFlow -->
        <test-method status="PASS" signature="finishTestFlow()[pri:0, instance:com.Trello.tests.TestFlow5@e50a6f6]" name="finishTestFlow" is-config="true" duration-ms="0" started-at="2022-02-03T07:01:32 IST" finished-at="2022-02-03T07:01:32 IST">
          <reporter-output>
          </reporter-output>
        </test-method> <!-- finishTestFlow -->
        <test-method status="PASS" signature="testFlow5(java.lang.String)[pri:0, instance:com.Trello.tests.TestFlow5@e50a6f6]" name="testFlow5" duration-ms="2040" started-at="2022-02-03T07:01:32 IST" data-provider="getTestCase" finished-at="2022-02-03T07:01:35 IST">
          <params>
            <param index="0">
              <value>
                <![CDATA[GetOrganization]]>
              </value>
            </param>
          </params>
          <reporter-output>
          </reporter-output>
        </test-method> <!-- testFlow5 -->
        <test-method status="PASS" signature="initTestFlow()[pri:0, instance:com.Trello.tests.TestFlow5@e50a6f6]" name="initTestFlow" is-config="true" duration-ms="0" started-at="2022-02-03T07:01:32 IST" finished-at="2022-02-03T07:01:32 IST">
          <reporter-output>
          </reporter-output>
        </test-method> <!-- initTestFlow -->
        <test-method status="PASS" signature="finishTestFlow()[pri:0, instance:com.Trello.tests.TestFlow5@e50a6f6]" name="finishTestFlow" is-config="true" duration-ms="0" started-at="2022-02-03T07:01:35 IST" finished-at="2022-02-03T07:01:35 IST">
          <reporter-output>
          </reporter-output>
        </test-method> <!-- finishTestFlow -->
        <test-method status="PASS" signature="initTestFlow()[pri:0, instance:com.Trello.tests.TestFlow5@e50a6f6]" name="initTestFlow" is-config="true" duration-ms="0" started-at="2022-02-03T07:01:35 IST" finished-at="2022-02-03T07:01:35 IST">
          <reporter-output>
          </reporter-output>
        </test-method> <!-- initTestFlow -->
        <test-method status="PASS" signature="testFlow5(java.lang.String)[pri:0, instance:com.Trello.tests.TestFlow5@e50a6f6]" name="testFlow5" duration-ms="2244" started-at="2022-02-03T07:01:35 IST" data-provider="getTestCase" finished-at="2022-02-03T07:01:37 IST">
          <params>
            <param index="0">
              <value>
                <![CDATA[DeleteOrganization]]>
              </value>
            </param>
          </params>
          <reporter-output>
          </reporter-output>
        </test-method> <!-- testFlow5 -->
        <test-method status="PASS" signature="exitStep()[pri:0, instance:com.Trello.tests.TestFlow5@e50a6f6]" name="exitStep" is-config="true" duration-ms="0" started-at="2022-02-03T07:01:37 IST" finished-at="2022-02-03T07:01:37 IST">
          <reporter-output>
          </reporter-output>
        </test-method> <!-- exitStep -->
        <test-method status="PASS" signature="finishTestFlow()[pri:0, instance:com.Trello.tests.TestFlow5@e50a6f6]" name="finishTestFlow" is-config="true" duration-ms="0" started-at="2022-02-03T07:01:37 IST" finished-at="2022-02-03T07:01:37 IST">
          <reporter-output>
          </reporter-output>
        </test-method> <!-- finishTestFlow -->
      </class> <!-- com.Trello.tests.TestFlow5 -->
      <class name="com.Trello.tests.TestFlow4">
        <test-method status="PASS" signature="preStep()[pri:0, instance:com.Trello.tests.TestFlow4@4034c28c]" name="preStep" is-config="true" duration-ms="0" started-at="2022-02-03T07:01:29 IST" finished-at="2022-02-03T07:01:29 IST">
          <reporter-output>
          </reporter-output>
        </test-method> <!-- preStep -->
        <test-method status="PASS" signature="initTestFlow()[pri:0, instance:com.Trello.tests.TestFlow4@4034c28c]" name="initTestFlow" is-config="true" duration-ms="0" started-at="2022-02-03T07:01:29 IST" finished-at="2022-02-03T07:01:29 IST">
          <reporter-output>
          </reporter-output>
        </test-method> <!-- initTestFlow -->
        <test-method status="PASS" signature="testFlow4(java.lang.String)[pri:0, instance:com.Trello.tests.TestFlow4@4034c28c]" name="testFlow4" duration-ms="1330" started-at="2022-02-03T07:01:29 IST" data-provider="getTestCase" finished-at="2022-02-03T07:01:30 IST">
          <params>
            <param index="0">
              <value>
                <![CDATA[GetAMember]]>
              </value>
            </param>
          </params>
          <reporter-output>
          </reporter-output>
        </test-method> <!-- testFlow4 -->
        <test-method status="PASS" signature="finishTestFlow()[pri:0, instance:com.Trello.tests.TestFlow4@4034c28c]" name="finishTestFlow" is-config="true" duration-ms="0" started-at="2022-02-03T07:01:30 IST" finished-at="2022-02-03T07:01:30 IST">
          <reporter-output>
          </reporter-output>
        </test-method> <!-- finishTestFlow -->
        <test-method status="PASS" signature="exitStep()[pri:0, instance:com.Trello.tests.TestFlow4@4034c28c]" name="exitStep" is-config="true" duration-ms="0" started-at="2022-02-03T07:01:30 IST" finished-at="2022-02-03T07:01:30 IST">
          <reporter-output>
          </reporter-output>
        </test-method> <!-- exitStep -->
      </class> <!-- com.Trello.tests.TestFlow4 -->
      <class name="com.Trello.tests.TestFlow3">
        <test-method status="PASS" signature="preStep()[pri:0, instance:com.Trello.tests.TestFlow3@2d9d4f9d]" name="preStep" is-config="true" duration-ms="0" started-at="2022-02-03T07:01:00 IST" finished-at="2022-02-03T07:01:00 IST">
          <reporter-output>
          </reporter-output>
        </test-method> <!-- preStep -->
        <test-method status="PASS" signature="initTestFlow()[pri:0, instance:com.Trello.tests.TestFlow3@2d9d4f9d]" name="initTestFlow" is-config="true" duration-ms="5" started-at="2022-02-03T07:01:00 IST" finished-at="2022-02-03T07:01:00 IST">
          <reporter-output>
          </reporter-output>
        </test-method> <!-- initTestFlow -->
        <test-method status="PASS" signature="testFlow3(java.lang.String)[pri:0, instance:com.Trello.tests.TestFlow3@2d9d4f9d]" name="testFlow3" duration-ms="2543" started-at="2022-02-03T07:01:00 IST" data-provider="getTestCase" finished-at="2022-02-03T07:01:03 IST">
          <params>
            <param index="0">
              <value>
                <![CDATA[CreateCard]]>
              </value>
            </param>
          </params>
          <reporter-output>
          </reporter-output>
        </test-method> <!-- testFlow3 -->
        <test-method status="PASS" signature="finishTestFlow()[pri:0, instance:com.Trello.tests.TestFlow3@2d9d4f9d]" name="finishTestFlow" is-config="true" duration-ms="0" started-at="2022-02-03T07:01:03 IST" finished-at="2022-02-03T07:01:03 IST">
          <reporter-output>
          </reporter-output>
        </test-method> <!-- finishTestFlow -->
        <test-method status="PASS" signature="initTestFlow()[pri:0, instance:com.Trello.tests.TestFlow3@2d9d4f9d]" name="initTestFlow" is-config="true" duration-ms="4" started-at="2022-02-03T07:01:03 IST" finished-at="2022-02-03T07:01:03 IST">
          <reporter-output>
          </reporter-output>
        </test-method> <!-- initTestFlow -->
        <test-method status="PASS" signature="testFlow3(java.lang.String)[pri:0, instance:com.Trello.tests.TestFlow3@2d9d4f9d]" name="testFlow3" duration-ms="3665" started-at="2022-02-03T07:01:03 IST" data-provider="getTestCase" finished-at="2022-02-03T07:01:06 IST">
          <params>
            <param index="0">
              <value>
                <![CDATA[GetTheCard]]>
              </value>
            </param>
          </params>
          <reporter-output>
          </reporter-output>
        </test-method> <!-- testFlow3 -->
        <test-method status="PASS" signature="testFlow3(java.lang.String)[pri:0, instance:com.Trello.tests.TestFlow3@2d9d4f9d]" name="testFlow3" duration-ms="9010" started-at="2022-02-03T07:01:06 IST" data-provider="getTestCase" finished-at="2022-02-03T07:01:15 IST">
          <params>
            <param index="0">
              <value>
                <![CDATA[CreateAttachmentOnCard]]>
              </value>
            </param>
          </params>
          <reporter-output>
          </reporter-output>
        </test-method> <!-- testFlow3 -->
        <test-method status="PASS" signature="initTestFlow()[pri:0, instance:com.Trello.tests.TestFlow3@2d9d4f9d]" name="initTestFlow" is-config="true" duration-ms="0" started-at="2022-02-03T07:01:06 IST" finished-at="2022-02-03T07:01:06 IST">
          <reporter-output>
          </reporter-output>
        </test-method> <!-- initTestFlow -->
        <test-method status="PASS" signature="finishTestFlow()[pri:0, instance:com.Trello.tests.TestFlow3@2d9d4f9d]" name="finishTestFlow" is-config="true" duration-ms="0" started-at="2022-02-03T07:01:06 IST" finished-at="2022-02-03T07:01:06 IST">
          <reporter-output>
          </reporter-output>
        </test-method> <!-- finishTestFlow -->
        <test-method status="PASS" signature="initTestFlow()[pri:0, instance:com.Trello.tests.TestFlow3@2d9d4f9d]" name="initTestFlow" is-config="true" duration-ms="0" started-at="2022-02-03T07:01:15 IST" finished-at="2022-02-03T07:01:15 IST">
          <reporter-output>
          </reporter-output>
        </test-method> <!-- initTestFlow -->
        <test-method status="PASS" signature="finishTestFlow()[pri:0, instance:com.Trello.tests.TestFlow3@2d9d4f9d]" name="finishTestFlow" is-config="true" duration-ms="0" started-at="2022-02-03T07:01:15 IST" finished-at="2022-02-03T07:01:15 IST">
          <reporter-output>
          </reporter-output>
        </test-method> <!-- finishTestFlow -->
        <test-method status="PASS" signature="testFlow3(java.lang.String)[pri:0, instance:com.Trello.tests.TestFlow3@2d9d4f9d]" name="testFlow3" duration-ms="9707" started-at="2022-02-03T07:01:15 IST" data-provider="getTestCase" finished-at="2022-02-03T07:01:25 IST">
          <params>
            <param index="0">
              <value>
                <![CDATA[DeleteAttachmentOnCard]]>
              </value>
            </param>
          </params>
          <reporter-output>
          </reporter-output>
        </test-method> <!-- testFlow3 -->
        <test-method status="PASS" signature="finishTestFlow()[pri:0, instance:com.Trello.tests.TestFlow3@2d9d4f9d]" name="finishTestFlow" is-config="true" duration-ms="0" started-at="2022-02-03T07:01:25 IST" finished-at="2022-02-03T07:01:25 IST">
          <reporter-output>
          </reporter-output>
        </test-method> <!-- finishTestFlow -->
        <test-method status="PASS" signature="testFlow3(java.lang.String)[pri:0, instance:com.Trello.tests.TestFlow3@2d9d4f9d]" name="testFlow3" duration-ms="3653" started-at="2022-02-03T07:01:25 IST" data-provider="getTestCase" finished-at="2022-02-03T07:01:29 IST">
          <params>
            <param index="0">
              <value>
                <![CDATA[DeleteCard]]>
              </value>
            </param>
          </params>
          <reporter-output>
          </reporter-output>
        </test-method> <!-- testFlow3 -->
        <test-method status="PASS" signature="initTestFlow()[pri:0, instance:com.Trello.tests.TestFlow3@2d9d4f9d]" name="initTestFlow" is-config="true" duration-ms="0" started-at="2022-02-03T07:01:25 IST" finished-at="2022-02-03T07:01:25 IST">
          <reporter-output>
          </reporter-output>
        </test-method> <!-- initTestFlow -->
        <test-method status="PASS" signature="finishTestFlow()[pri:0, instance:com.Trello.tests.TestFlow3@2d9d4f9d]" name="finishTestFlow" is-config="true" duration-ms="0" started-at="2022-02-03T07:01:29 IST" finished-at="2022-02-03T07:01:29 IST">
          <reporter-output>
          </reporter-output>
        </test-method> <!-- finishTestFlow -->
        <test-method status="PASS" signature="exitStep()[pri:0, instance:com.Trello.tests.TestFlow3@2d9d4f9d]" name="exitStep" is-config="true" duration-ms="0" started-at="2022-02-03T07:01:29 IST" finished-at="2022-02-03T07:01:29 IST">
          <reporter-output>
          </reporter-output>
        </test-method> <!-- exitStep -->
      </class> <!-- com.Trello.tests.TestFlow3 -->
      <class name="com.Trello.tests.TestFlow2">
        <test-method status="PASS" signature="preStep()[pri:0, instance:com.Trello.tests.TestFlow2@17c1bced]" name="preStep" is-config="true" duration-ms="0" started-at="2022-02-03T07:00:50 IST" finished-at="2022-02-03T07:00:50 IST">
          <reporter-output>
          </reporter-output>
        </test-method> <!-- preStep -->
        <test-method status="PASS" signature="initTestFlow()[pri:0, instance:com.Trello.tests.TestFlow2@17c1bced]" name="initTestFlow" is-config="true" duration-ms="0" started-at="2022-02-03T07:00:50 IST" finished-at="2022-02-03T07:00:50 IST">
          <reporter-output>
          </reporter-output>
        </test-method> <!-- initTestFlow -->
        <test-method status="PASS" signature="testFlow2(java.lang.String)[pri:0, instance:com.Trello.tests.TestFlow2@17c1bced]" name="testFlow2" duration-ms="1801" started-at="2022-02-03T07:00:50 IST" data-provider="getTestCase" finished-at="2022-02-03T07:00:51 IST">
          <params>
            <param index="0">
              <value>
                <![CDATA[CreateList]]>
              </value>
            </param>
          </params>
          <reporter-output>
          </reporter-output>
        </test-method> <!-- testFlow2 -->
        <test-method status="PASS" signature="testFlow2(java.lang.String)[pri:0, instance:com.Trello.tests.TestFlow2@17c1bced]" name="testFlow2" duration-ms="2618" started-at="2022-02-03T07:00:51 IST" data-provider="getTestCase" finished-at="2022-02-03T07:00:54 IST">
          <params>
            <param index="0">
              <value>
                <![CDATA[UpdateList]]>
              </value>
            </param>
          </params>
          <reporter-output>
          </reporter-output>
        </test-method> <!-- testFlow2 -->
        <test-method status="PASS" signature="finishTestFlow()[pri:0, instance:com.Trello.tests.TestFlow2@17c1bced]" name="finishTestFlow" is-config="true" duration-ms="0" started-at="2022-02-03T07:00:51 IST" finished-at="2022-02-03T07:00:51 IST">
          <reporter-output>
          </reporter-output>
        </test-method> <!-- finishTestFlow -->
        <test-method status="PASS" signature="initTestFlow()[pri:0, instance:com.Trello.tests.TestFlow2@17c1bced]" name="initTestFlow" is-config="true" duration-ms="0" started-at="2022-02-03T07:00:51 IST" finished-at="2022-02-03T07:00:51 IST">
          <reporter-output>
          </reporter-output>
        </test-method> <!-- initTestFlow -->
        <test-method status="PASS" signature="finishTestFlow()[pri:0, instance:com.Trello.tests.TestFlow2@17c1bced]" name="finishTestFlow" is-config="true" duration-ms="0" started-at="2022-02-03T07:00:54 IST" finished-at="2022-02-03T07:00:54 IST">
          <reporter-output>
          </reporter-output>
        </test-method> <!-- finishTestFlow -->
        <test-method status="PASS" signature="testFlow2(java.lang.String)[pri:0, instance:com.Trello.tests.TestFlow2@17c1bced]" name="testFlow2" duration-ms="4137" started-at="2022-02-03T07:00:54 IST" data-provider="getTestCase" finished-at="2022-02-03T07:00:58 IST">
          <params>
            <param index="0">
              <value>
                <![CDATA[GetCardInList]]>
              </value>
            </param>
          </params>
          <reporter-output>
          </reporter-output>
        </test-method> <!-- testFlow2 -->
        <test-method status="PASS" signature="initTestFlow()[pri:0, instance:com.Trello.tests.TestFlow2@17c1bced]" name="initTestFlow" is-config="true" duration-ms="0" started-at="2022-02-03T07:00:54 IST" finished-at="2022-02-03T07:00:54 IST">
          <reporter-output>
          </reporter-output>
        </test-method> <!-- initTestFlow -->
        <test-method status="PASS" signature="finishTestFlow()[pri:0, instance:com.Trello.tests.TestFlow2@17c1bced]" name="finishTestFlow" is-config="true" duration-ms="0" started-at="2022-02-03T07:00:58 IST" finished-at="2022-02-03T07:00:58 IST">
          <reporter-output>
          </reporter-output>
        </test-method> <!-- finishTestFlow -->
        <test-method status="PASS" signature="testFlow2(java.lang.String)[pri:0, instance:com.Trello.tests.TestFlow2@17c1bced]" name="testFlow2" duration-ms="2156" started-at="2022-02-03T07:00:58 IST" data-provider="getTestCase" finished-at="2022-02-03T07:01:00 IST">
          <params>
            <param index="0">
              <value>
                <![CDATA[ArchiveList]]>
              </value>
            </param>
          </params>
          <reporter-output>
          </reporter-output>
        </test-method> <!-- testFlow2 -->
        <test-method status="PASS" signature="initTestFlow()[pri:0, instance:com.Trello.tests.TestFlow2@17c1bced]" name="initTestFlow" is-config="true" duration-ms="0" started-at="2022-02-03T07:00:58 IST" finished-at="2022-02-03T07:00:58 IST">
          <reporter-output>
          </reporter-output>
        </test-method> <!-- initTestFlow -->
        <test-method status="PASS" signature="exitStep()[pri:0, instance:com.Trello.tests.TestFlow2@17c1bced]" name="exitStep" is-config="true" duration-ms="0" started-at="2022-02-03T07:01:00 IST" finished-at="2022-02-03T07:01:00 IST">
          <reporter-output>
          </reporter-output>
        </test-method> <!-- exitStep -->
        <test-method status="PASS" signature="finishTestFlow()[pri:0, instance:com.Trello.tests.TestFlow2@17c1bced]" name="finishTestFlow" is-config="true" duration-ms="0" started-at="2022-02-03T07:01:00 IST" finished-at="2022-02-03T07:01:00 IST">
          <reporter-output>
          </reporter-output>
        </test-method> <!-- finishTestFlow -->
      </class> <!-- com.Trello.tests.TestFlow2 -->
      <class name="com.Trello.tests.TestFlow1">
        <test-method status="PASS" signature="preStep()[pri:0, instance:com.Trello.tests.TestFlow1@5af97850]" name="preStep" is-config="true" duration-ms="5" started-at="2022-02-03T07:00:37 IST" finished-at="2022-02-03T07:00:37 IST">
          <reporter-output>
          </reporter-output>
        </test-method> <!-- preStep -->
        <test-method status="PASS" signature="initTestFlow()[pri:0, instance:com.Trello.tests.TestFlow1@5af97850]" name="initTestFlow" is-config="true" duration-ms="439" started-at="2022-02-03T07:00:37 IST" finished-at="2022-02-03T07:00:38 IST">
          <reporter-output>
          </reporter-output>
        </test-method> <!-- initTestFlow -->
        <test-method status="PASS" signature="testFlow1(java.lang.String)[pri:0, instance:com.Trello.tests.TestFlow1@5af97850]" name="testFlow1" duration-ms="3934" started-at="2022-02-03T07:00:38 IST" data-provider="getTestCase" finished-at="2022-02-03T07:00:42 IST">
          <params>
            <param index="0">
              <value>
                <![CDATA[GetBoard]]>
              </value>
            </param>
          </params>
          <reporter-output>
          </reporter-output>
        </test-method> <!-- testFlow1 -->
        <test-method status="PASS" signature="finishTestFlow()[pri:0, instance:com.Trello.tests.TestFlow1@5af97850]" name="finishTestFlow" is-config="true" duration-ms="0" started-at="2022-02-03T07:00:42 IST" finished-at="2022-02-03T07:00:42 IST">
          <reporter-output>
          </reporter-output>
        </test-method> <!-- finishTestFlow -->
        <test-method status="PASS" signature="initTestFlow()[pri:0, instance:com.Trello.tests.TestFlow1@5af97850]" name="initTestFlow" is-config="true" duration-ms="0" started-at="2022-02-03T07:00:42 IST" finished-at="2022-02-03T07:00:42 IST">
          <reporter-output>
          </reporter-output>
        </test-method> <!-- initTestFlow -->
        <test-method status="PASS" signature="testFlow1(java.lang.String)[pri:0, instance:com.Trello.tests.TestFlow1@5af97850]" name="testFlow1" duration-ms="1628" started-at="2022-02-03T07:00:42 IST" data-provider="getTestCase" finished-at="2022-02-03T07:00:43 IST">
          <params>
            <param index="0">
              <value>
                <![CDATA[UpdateBoard]]>
              </value>
            </param>
          </params>
          <reporter-output>
          </reporter-output>
        </test-method> <!-- testFlow1 -->
        <test-method status="PASS" signature="initTestFlow()[pri:0, instance:com.Trello.tests.TestFlow1@5af97850]" name="initTestFlow" is-config="true" duration-ms="5" started-at="2022-02-03T07:00:43 IST" finished-at="2022-02-03T07:00:43 IST">
          <reporter-output>
          </reporter-output>
        </test-method> <!-- initTestFlow -->
        <test-method status="PASS" signature="finishTestFlow()[pri:0, instance:com.Trello.tests.TestFlow1@5af97850]" name="finishTestFlow" is-config="true" duration-ms="0" started-at="2022-02-03T07:00:43 IST" finished-at="2022-02-03T07:00:43 IST">
          <reporter-output>
          </reporter-output>
        </test-method> <!-- finishTestFlow -->
        <test-method status="PASS" signature="testFlow1(java.lang.String)[pri:0, instance:com.Trello.tests.TestFlow1@5af97850]" name="testFlow1" duration-ms="1462" started-at="2022-02-03T07:00:43 IST" data-provider="getTestCase" finished-at="2022-02-03T07:00:45 IST">
          <params>
            <param index="0">
              <value>
                <![CDATA[Create2List]]>
              </value>
            </param>
          </params>
          <reporter-output>
          </reporter-output>
        </test-method> <!-- testFlow1 -->
        <test-method status="PASS" signature="initTestFlow()[pri:0, instance:com.Trello.tests.TestFlow1@5af97850]" name="initTestFlow" is-config="true" duration-ms="0" started-at="2022-02-03T07:00:45 IST" finished-at="2022-02-03T07:00:45 IST">
          <reporter-output>
          </reporter-output>
        </test-method> <!-- initTestFlow -->
        <test-method status="PASS" signature="testFlow1(java.lang.String)[pri:0, instance:com.Trello.tests.TestFlow1@5af97850]" name="testFlow1" duration-ms="2358" started-at="2022-02-03T07:00:45 IST" data-provider="getTestCase" finished-at="2022-02-03T07:00:47 IST">
          <params>
            <param index="0">
              <value>
                <![CDATA[GetFilteredList]]>
              </value>
            </param>
          </params>
          <reporter-output>
          </reporter-output>
        </test-method> <!-- testFlow1 -->
        <test-method status="PASS" signature="finishTestFlow()[pri:0, instance:com.Trello.tests.TestFlow1@5af97850]" name="finishTestFlow" is-config="true" duration-ms="0" started-at="2022-02-03T07:00:45 IST" finished-at="2022-02-03T07:00:45 IST">
          <reporter-output>
          </reporter-output>
        </test-method> <!-- finishTestFlow -->
        <test-method status="PASS" signature="initTestFlow()[pri:0, instance:com.Trello.tests.TestFlow1@5af97850]" name="initTestFlow" is-config="true" duration-ms="0" started-at="2022-02-03T07:00:47 IST" finished-at="2022-02-03T07:00:47 IST">
          <reporter-output>
          </reporter-output>
        </test-method> <!-- initTestFlow -->
        <test-method status="PASS" signature="testFlow1(java.lang.String)[pri:0, instance:com.Trello.tests.TestFlow1@5af97850]" name="testFlow1" duration-ms="2461" started-at="2022-02-03T07:00:47 IST" data-provider="getTestCase" finished-at="2022-02-03T07:00:50 IST">
          <params>
            <param index="0">
              <value>
                <![CDATA[AddAndRemoveMemberInBoard]]>
              </value>
            </param>
          </params>
          <reporter-output>
          </reporter-output>
        </test-method> <!-- testFlow1 -->
        <test-method status="PASS" signature="finishTestFlow()[pri:0, instance:com.Trello.tests.TestFlow1@5af97850]" name="finishTestFlow" is-config="true" duration-ms="0" started-at="2022-02-03T07:00:47 IST" finished-at="2022-02-03T07:00:47 IST">
          <reporter-output>
          </reporter-output>
        </test-method> <!-- finishTestFlow -->
        <test-method status="PASS" signature="exitStep()[pri:0, instance:com.Trello.tests.TestFlow1@5af97850]" name="exitStep" is-config="true" duration-ms="0" started-at="2022-02-03T07:00:50 IST" finished-at="2022-02-03T07:00:50 IST">
          <reporter-output>
          </reporter-output>
        </test-method> <!-- exitStep -->
        <test-method status="PASS" signature="finishTestFlow()[pri:0, instance:com.Trello.tests.TestFlow1@5af97850]" name="finishTestFlow" is-config="true" duration-ms="0" started-at="2022-02-03T07:00:50 IST" finished-at="2022-02-03T07:00:50 IST">
          <reporter-output>
          </reporter-output>
        </test-method> <!-- finishTestFlow -->
      </class> <!-- com.Trello.tests.TestFlow1 -->
    </test> <!-- Regression -->
  </suite> <!-- TrelloRegressionSuite -->
</testng-results>
