<?xml version="1.0" encoding="UTF-8"?>
<!-- Generated by org.testng.reporters.JUnitXMLReporter -->
<testsuite hostname="DESKTOP-8DPOG4F" ignored="0" name="Regression" tests="19" failures="0" timestamp="2022-02-03T07:01:37 IST" time="59.675" errors="0">
  <testcase name="testFlow1" time="3.934" classname="com.Trello.tests.TestFlow1"/>
  <testcase name="testFlow1" time="1.628" classname="com.Trello.tests.TestFlow1"/>
  <testcase name="testFlow1" time="1.462" classname="com.Trello.tests.TestFlow1"/>
  <testcase name="testFlow1" time="2.358" classname="com.Trello.tests.TestFlow1"/>
  <testcase name="testFlow1" time="2.461" classname="com.Trello.tests.TestFlow1"/>
  <testcase name="testFlow2" time="1.801" classname="com.Trello.tests.TestFlow2"/>
  <testcase name="testFlow2" time="2.618" classname="com.Trello.tests.TestFlow2"/>
  <testcase name="testFlow2" time="4.137" classname="com.Trello.tests.TestFlow2"/>
  <testcase name="testFlow2" time="2.156" classname="com.Trello.tests.TestFlow2"/>
  <testcase name="testFlow3" time="2.543" classname="com.Trello.tests.TestFlow3"/>
  <testcase name="testFlow3" time="3.665" classname="com.Trello.tests.TestFlow3"/>
  <testcase name="testFlow3" time="9.01" classname="com.Trello.tests.TestFlow3"/>
  <testcase name="testFlow3" time="9.707" classname="com.Trello.tests.TestFlow3"/>
  <testcase name="testFlow3" time="3.653" classname="com.Trello.tests.TestFlow3"/>
  <testcase name="testFlow4" time="1.33" classname="com.Trello.tests.TestFlow4"/>
  <testcase name="testFlow5" time="0.736" classname="com.Trello.tests.TestFlow5"/>
  <testcase name="testFlow5" time="1.529" classname="com.Trello.tests.TestFlow5"/>
  <testcase name="testFlow5" time="2.04" classname="com.Trello.tests.TestFlow5"/>
  <testcase name="testFlow5" time="2.244" classname="com.Trello.tests.TestFlow5"/>
</testsuite> <!-- Regression -->
